26-08-2020 13:14:50 DEBUG tests.acceptance.acceptance_base_class (test_check_column_constraints) Certificate column constraints... 
26-08-2020 13:14:50 DEBUG tests.acceptance.acceptance_base_class (test_check_column_constraints) Found duplicates for column_constraints
26-08-2020 13:14:50 DEBUG tests.acceptance.acceptance_base_class (test_check_column_constraints) 

634       True
990       True
1051      True
1205      True
1405      True
          ... 
158984    True
158987    True
158995    True
159031    True
159043    True
Length: 5531, dtype: bool

26-08-2020 13:14:50 DEBUG tests.acceptance.acceptance_base_class (test_check_column_length) Certificate column lengths:
0 : 11,
1 : 6,
2 : 29,
3 : 3,
4 : 2,


26-08-2020 13:14:50 DEBUG tests.acceptance.acceptance_base_class (test_check_column_length) Subtest OK
26-08-2020 13:14:50 DEBUG tests.acceptance.acceptance_base_class (test_check_column_length) Subtest OK
26-08-2020 13:14:50 DEBUG tests.acceptance.acceptance_base_class (test_check_column_length) Subtest OK
26-08-2020 13:14:50 DEBUG tests.acceptance.acceptance_base_class (test_check_column_length) Subtest OK
26-08-2020 13:14:50 DEBUG tests.acceptance.acceptance_base_class (test_check_column_length) Test OK

26-08-2020 13:14:50 DEBUG tests.acceptance.acceptance_base_class (test_check_column_nullables) Certificate column nullables:
0 : False,
1 : False,
2 : False,
3 : False,
4 : False,


26-08-2020 13:14:50 DEBUG tests.acceptance.acceptance_base_class (test_check_column_nullables) Subtest OK
26-08-2020 13:14:50 DEBUG tests.acceptance.acceptance_base_class (test_check_column_nullables) Subtest OK
26-08-2020 13:14:50 DEBUG tests.acceptance.acceptance_base_class (test_check_column_nullables) Test OK

26-08-2020 13:14:50 DEBUG tests.acceptance.acceptance_base_class (test_check_column_number) Check {'column_number': 5}
26-08-2020 13:14:50 DEBUG tests.acceptance.acceptance_base_class (test_check_column_number) Test OK

26-08-2020 13:14:50 DEBUG tests.acceptance.acceptance_base_class (log_data) Check {"fiscalcode": "int64", "annomese": "object", "regulation": "object", "id_istat_province": "int64", "istat_province_prcode": "object"}
26-08-2020 13:14:50 ERROR tests.acceptance.acceptance_base_class (test_check_column_types) Lists differ: [dtype('O'), dtype('O'), dtype('O'), dtype('int64'), dtype('O')] != [dtype('int64'), dtype('O'), dtype('O'), dtype('int64'), dtype('O')]

First differing element 0:
dtype('O')
dtype('int64')

- [dtype('O'), dtype('O'), dtype('O'), dtype('int64'), dtype('O')]
+ [dtype('int64'), dtype('O'), dtype('O'), dtype('int64'), dtype('O')]
Traceback (most recent call last):
  File "C:\Users\buzzulini\Documents\GitHub\I2FVG_scripts\innovation_intelligence\tests\acceptance\acceptance_base_class.py", line 65, in test_check_column_types
    self.assertEqual(cert_column_types, expected_column_types)
  File "C:\Users\buzzulini\.conda\envs\envWorking\lib\unittest\case.py", line 852, in assertEqual
    assertion_func(first, second, msg=msg)
  File "C:\Users\buzzulini\.conda\envs\envWorking\lib\unittest\case.py", line 1058, in assertListEqual
    self.assertSequenceEqual(list1, list2, msg, seq_type=list)
  File "C:\Users\buzzulini\.conda\envs\envWorking\lib\unittest\case.py", line 1040, in assertSequenceEqual
    self.fail(msg)
  File "C:\Users\buzzulini\.conda\envs\envWorking\lib\unittest\case.py", line 693, in fail
    raise self.failureException(msg)
AssertionError: Lists differ: [dtype('O'), dtype('O'), dtype('O'), dtype('int64'), dtype('O')] != [dtype('int64'), dtype('O'), dtype('O'), dtype('int64'), dtype('O')]

First differing element 0:
dtype('O')
dtype('int64')

- [dtype('O'), dtype('O'), dtype('O'), dtype('int64'), dtype('O')]
+ [dtype('int64'), dtype('O'), dtype('O'), dtype('int64'), dtype('O')]
26-08-2020 13:14:50 DEBUG tests.acceptance.acceptance_base_class (test_check_file_extension) Check {'file_extension': csv}
26-08-2020 13:14:50 DEBUG tests.acceptance.acceptance_base_class (test_check_file_extension) Test OK

