26-08-2020 09:46:54 DEBUG __main__ (setUpClass) Inizio Test_AcceptanceInfocamereAnagrafica... 
26-08-2020 09:46:54 DEBUG acceptance_builder.anagraficaInfocamere_builder (__init__) Apertura Data Provider AnagraficaInfocamere... 
26-08-2020 09:50:46 DEBUG __main__ (test_acceptance_column_femminile) Check colonna Impresa Femminile
26-08-2020 09:50:46 DEBUG __main__ (test_acceptance_column_femminile) Values to check: 
Esclusiva
Forte
Maggioritaria
NO
26-08-2020 09:50:46 DEBUG __main__ (test_acceptance_column_giovanile) Check colonna Impresa Giovanile
26-08-2020 09:50:46 DEBUG __main__ (test_acceptance_column_giovanile) Values to check: 
Esclusiva
Forte
Maggioritaria
NO
26-08-2020 09:50:46 DEBUG __main__ (test_acceptance_column_innovativa) Check colonna PMI Innovativa
26-08-2020 09:50:46 DEBUG __main__ (test_acceptance_column_innovativa) Values to check: 
NO
SI
26-08-2020 09:50:46 DEBUG __main__ (test_acceptance_column_straniera) Check colonna Impresa Straniera
26-08-2020 09:50:46 DEBUG __main__ (test_acceptance_column_straniera) Values to check: 
Esclusiva
Forte
Maggioritaria
NO
26-08-2020 09:50:46 DEBUG tests.acceptance.acceptance_base_class (test_check_column_constraints) Certificate column constraints... 
26-08-2020 09:50:46 DEBUG tests.acceptance.acceptance_base_class (test_check_column_constraints) Test OK

26-08-2020 09:50:57 DEBUG tests.acceptance.acceptance_base_class (test_check_column_length) Certificate column lengths:
0 : 11,
1 : 6,
2 : 20,
3 : 7,
4 : 6,
5 : 9,
6 : 9,
7 : 2,
8 : 50,
9 : 20,
10 : 19,
11 : 19,
12 : 19,
13 : 19,
14 : 19,
15 : 19,
16 : 19,
17 : 19,
18 : 19,
19 : 200,
20 : 50,
21 : 5,
22 : 5,
23 : 35,
24 : 25,
25 : 30,
26 : 4,
27 : 2,
28 : 5,
29 : 11,
30 : 15,
31 : 14,
32 : 200,
33 : 23,
34 : 15,
35 : 50,
36 : 38,
37 : 38,
38 : 27,
39 : 0,
40 : 2,
41 : 2,
42 : 2,
43 : 2,
44 : 13,
45 : 13,
46 : 13,
47 : 64,


26-08-2020 09:50:57 DEBUG tests.acceptance.acceptance_base_class (test_check_column_length) Subtest OK
26-08-2020 09:50:57 DEBUG tests.acceptance.acceptance_base_class (test_check_column_length) Subtest OK
26-08-2020 09:50:57 DEBUG tests.acceptance.acceptance_base_class (test_check_column_length) Subtest OK
26-08-2020 09:50:57 DEBUG tests.acceptance.acceptance_base_class (test_check_column_length) Subtest OK
26-08-2020 09:50:57 DEBUG tests.acceptance.acceptance_base_class (test_check_column_length) Subtest OK
26-08-2020 09:50:57 DEBUG tests.acceptance.acceptance_base_class (test_check_column_length) Subtest OK
26-08-2020 09:50:57 DEBUG tests.acceptance.acceptance_base_class (test_check_column_length) Subtest OK
26-08-2020 09:50:57 DEBUG tests.acceptance.acceptance_base_class (test_check_column_length) Subtest OK
26-08-2020 09:50:57 DEBUG tests.acceptance.acceptance_base_class (test_check_column_length) Subtest OK
26-08-2020 09:50:57 DEBUG tests.acceptance.acceptance_base_class (test_check_column_length) Subtest OK
26-08-2020 09:50:57 DEBUG tests.acceptance.acceptance_base_class (test_check_column_length) Subtest OK
26-08-2020 09:50:57 DEBUG tests.acceptance.acceptance_base_class (test_check_column_length) Subtest OK
26-08-2020 09:50:57 DEBUG tests.acceptance.acceptance_base_class (test_check_column_length) Subtest OK
26-08-2020 09:50:57 DEBUG tests.acceptance.acceptance_base_class (test_check_column_length) Subtest OK
26-08-2020 09:50:57 DEBUG tests.acceptance.acceptance_base_class (test_check_column_length) Subtest OK
26-08-2020 09:50:57 DEBUG tests.acceptance.acceptance_base_class (test_check_column_length) Subtest OK
26-08-2020 09:50:57 DEBUG tests.acceptance.acceptance_base_class (test_check_column_length) Subtest OK
26-08-2020 09:50:57 DEBUG tests.acceptance.acceptance_base_class (test_check_column_length) Subtest OK
26-08-2020 09:50:57 DEBUG tests.acceptance.acceptance_base_class (test_check_column_length) Subtest OK
26-08-2020 09:50:57 DEBUG tests.acceptance.acceptance_base_class (test_check_column_length) Subtest OK
26-08-2020 09:50:57 DEBUG tests.acceptance.acceptance_base_class (test_check_column_length) Subtest OK
26-08-2020 09:50:57 DEBUG tests.acceptance.acceptance_base_class (test_check_column_length) Subtest OK
26-08-2020 09:50:57 DEBUG tests.acceptance.acceptance_base_class (test_check_column_length) Subtest OK
26-08-2020 09:50:57 DEBUG tests.acceptance.acceptance_base_class (test_check_column_length) Subtest OK
26-08-2020 09:50:57 DEBUG tests.acceptance.acceptance_base_class (test_check_column_length) Subtest OK
26-08-2020 09:50:57 DEBUG tests.acceptance.acceptance_base_class (test_check_column_length) Subtest OK
26-08-2020 09:50:57 DEBUG tests.acceptance.acceptance_base_class (test_check_column_length) Subtest OK
26-08-2020 09:50:57 DEBUG tests.acceptance.acceptance_base_class (test_check_column_length) Subtest OK
26-08-2020 09:50:57 DEBUG tests.acceptance.acceptance_base_class (test_check_column_length) Subtest OK
26-08-2020 09:50:57 DEBUG tests.acceptance.acceptance_base_class (test_check_column_length) Subtest OK
26-08-2020 09:50:57 DEBUG tests.acceptance.acceptance_base_class (test_check_column_length) Subtest OK
26-08-2020 09:50:57 DEBUG tests.acceptance.acceptance_base_class (test_check_column_length) Subtest OK
26-08-2020 09:50:57 DEBUG tests.acceptance.acceptance_base_class (test_check_column_length) Test OK

26-08-2020 09:50:58 DEBUG tests.acceptance.acceptance_base_class (test_check_column_nullables) Certificate column nullables:
0 : False,
1 : False,
2 : True,
3 : False,
4 : False,
5 : True,
6 : True,
7 : False,
8 : False,
9 : False,
10 : True,
11 : True,
12 : True,
13 : True,
14 : True,
15 : True,
16 : True,
17 : True,
18 : True,
19 : False,
20 : True,
21 : True,
22 : True,
23 : True,
24 : True,
25 : True,
26 : True,
27 : True,
28 : True,
29 : True,
30 : True,
31 : True,
32 : True,
33 : True,
34 : False,
35 : True,
36 : True,
37 : True,
38 : True,
39 : True,
40 : True,
41 : True,
42 : False,
43 : False,
44 : False,
45 : False,
46 : False,
47 : True,


26-08-2020 09:50:58 DEBUG tests.acceptance.acceptance_base_class (test_check_column_nullables) Subtest OK
26-08-2020 09:50:58 DEBUG tests.acceptance.acceptance_base_class (test_check_column_nullables) Subtest OK
26-08-2020 09:50:58 DEBUG tests.acceptance.acceptance_base_class (test_check_column_nullables) Subtest OK
26-08-2020 09:50:58 DEBUG tests.acceptance.acceptance_base_class (test_check_column_nullables) Test OK

26-08-2020 09:50:58 DEBUG tests.acceptance.acceptance_base_class (test_check_column_number) Certificate 48 column number
26-08-2020 09:50:58 ERROR tests.acceptance.acceptance_base_class (test_check_column_number) Wrong column number: 48
Traceback (most recent call last):
  File "C:\Users\buzzulini\Documents\GitHub\I2FVG_scripts\innovation_intelligence\tests\acceptance\acceptance_base_class.py", line 42, in test_check_column_number
    self.assertEqual(cert_column_number, expected_column_number)
  File "C:\Users\buzzulini\.conda\envs\envWorking\lib\unittest\case.py", line 852, in assertEqual
    assertion_func(first, second, msg=msg)
  File "C:\Users\buzzulini\.conda\envs\envWorking\lib\unittest\case.py", line 845, in _baseAssertEqual
    raise self.failureException(msg)
AssertionError: 48 != NotImplemented
26-08-2020 09:50:58 DEBUG tests.acceptance.acceptance_base_class (test_check_column_types) Certificate column types: 
0 : object,
1 : object,
2 : object,
3 : object,
4 : object,
5 : object,
6 : object,
7 : object,
8 : object,
9 : object,
10 : datetime64[ns],
11 : datetime64[ns],
12 : datetime64[ns],
13 : datetime64[ns],
14 : datetime64[ns],
15 : datetime64[ns],
16 : datetime64[ns],
17 : datetime64[ns],
18 : datetime64[ns],
19 : object,
20 : object,
21 : object,
22 : object,
23 : object,
24 : object,
25 : object,
26 : int64,
27 : object,
28 : int64,
29 : object,
30 : object,
31 : float64,
32 : object,
33 : object,
34 : object,
35 : object,
36 : object,
37 : object,
38 : object,
39 : object,
40 : object,
41 : object,
42 : object,
43 : object,
44 : object,
45 : object,
46 : object,
47 : object,


26-08-2020 09:50:58 DEBUG tests.acceptance.acceptance_base_class (test_check_column_types) Test OK

26-08-2020 09:50:58 DEBUG tests.acceptance.acceptance_base_class (test_check_file_extension) Certificate xlsx file extension
26-08-2020 09:50:58 DEBUG tests.acceptance.acceptance_base_class (test_check_file_extension) Test OK

